  ConstructandMatch.cpp
D:\研一\正则匹配\reg_match\regex_match\ConstructandMatch.cpp(16,11): warning C4018: “<”: 有符号/无符号不匹配
D:\研一\正则匹配\reg_match\regex_match\ConstructandMatch.cpp(46,11): warning C4018: “<”: 有符号/无符号不匹配
D:\研一\正则匹配\reg_match\regex_match\ConstructandMatch.cpp(97,24): warning C4018: “<”: 有符号/无符号不匹配
  NFA_state.cpp
D:\研一\正则匹配\reg_match\regex_match\NFA_state.cpp(80,11): warning C4804: “<=”: 在操作中使用类型“bool”不安全
D:\研一\正则匹配\reg_match\regex_match\NFA_state.cpp(94,11): warning C4804: “<=”: 在操作中使用类型“bool”不安全
D:\研一\正则匹配\reg_match\regex_match\NFA_state.cpp(152,22): warning C4018: “<”: 有符号/无符号不匹配
D:\研一\正则匹配\reg_match\regex_match\NFA_state.cpp(163,26): warning C4018: “<”: 有符号/无符号不匹配
  Parser.cpp
D:\研一\正则匹配\reg_match\regex_match\Parser.cpp(20,16): warning C4018: “<”: 有符号/无符号不匹配
D:\研一\正则匹配\reg_match\regex_match\Parser.cpp(22,29): warning C4804: “<=”: 在操作中使用类型“bool”不安全
D:\研一\正则匹配\reg_match\regex_match\Parser.cpp(73,18): warning C4018: “<”: 有符号/无符号不匹配
  Pattern.cpp
  Production_FA.cpp
D:\研一\正则匹配\reg_match\regex_match\Production_FA.cpp(41,19): warning C4018: “<”: 有符号/无符号不匹配
D:\研一\正则匹配\reg_match\regex_match\Production_FA.cpp(60,49): warning C4018: “<”: 有符号/无符号不匹配
D:\研一\正则匹配\reg_match\regex_match\Production_FA.cpp(67,50): warning C4018: “<”: 有符号/无符号不匹配
D:\研一\正则匹配\reg_match\regex_match\Production_FA.cpp(73,56): warning C4018: “<”: 有符号/无符号不匹配
D:\研一\正则匹配\reg_match\regex_match\Production_FA.cpp(110,53): warning C4018: “<”: 有符号/无符号不匹配
  Regex.cpp
  main.cpp
D:\研一\正则匹配\reg_match\regex_match\main.cpp(88,20): warning C4018: “<”: 有符号/无符号不匹配
  正在生成代码...
  regex_match.vcxproj -> D:\研一\正则匹配\reg_match\Debug\regex_match.exe
